[1.373s] DEBUG:colcon:Command line arguments: ['/usr/bin/colcon', 'list', '-p', '--base-paths', '/home/emb4/whill_support']
[1.373s] DEBUG:colcon:Parsed command line arguments: Namespace(log_base=None, log_level=None, verb_name='list', build_base='build', ignore_user_meta=False, metas=['./colcon.meta'], base_paths=['/home/emb4/whill_support'], packages_ignore=None, packages_ignore_regex=None, paths=None, packages_up_to=None, packages_up_to_regex=None, packages_above=None, packages_above_and_dependencies=None, packages_above_depth=None, packages_select_by_dep=None, packages_skip_by_dep=None, packages_skip_up_to=None, packages_select_build_failed=False, packages_skip_build_finished=False, packages_select_test_failures=False, packages_skip_test_passed=False, packages_select=None, packages_skip=None, packages_select_regex=None, packages_skip_regex=None, packages_start=None, packages_end=None, allow_overriding=[], topological_order=False, names_only=False, paths_only=True, topological_graph=False, topological_graph_dot=False, topological_graph_density=False, topological_graph_legend=False, topological_graph_dot_cluster=False, topological_graph_dot_include_skipped=False, mixin_files=None, mixin=None, verb_parser=<colcon_mixin.mixin.mixin_argument.MixinArgumentDecorator object at 0x7f9d68afe4a0>, verb_extension=<colcon_package_information.verb.list.ListVerb object at 0x7f9d68afd2d0>, main=<bound method ListVerb.main of <colcon_package_information.verb.list.ListVerb object at 0x7f9d68afd2d0>>, mixin_verb=('list',))
[1.417s] Level 1:colcon.colcon_core.package_discovery:discover_packages(colcon_meta) check parameters
[1.417s] Level 1:colcon.colcon_core.package_discovery:discover_packages(recursive) check parameters
[1.417s] Level 1:colcon.colcon_core.package_discovery:discover_packages(ignore) check parameters
[1.417s] Level 1:colcon.colcon_core.package_discovery:discover_packages(path) check parameters
[1.417s] Level 1:colcon.colcon_core.package_discovery:discover_packages(recursive) discover
[1.417s] INFO:colcon.colcon_core.package_discovery:Crawling recursively for packages in '/home/emb4/whill_support'
[1.417s] Level 1:colcon.colcon_core.package_identification:_identify(/home/emb4/whill_support) by extensions ['ignore', 'ignore_ament_install']
[1.417s] Level 1:colcon.colcon_core.package_identification:_identify(/home/emb4/whill_support) by extension 'ignore'
[1.417s] Level 1:colcon.colcon_core.package_identification:_identify(/home/emb4/whill_support) by extension 'ignore_ament_install'
[1.417s] Level 1:colcon.colcon_core.package_identification:_identify(/home/emb4/whill_support) by extensions ['colcon_pkg']
[1.417s] Level 1:colcon.colcon_core.package_identification:_identify(/home/emb4/whill_support) by extension 'colcon_pkg'
[1.417s] Level 1:colcon.colcon_core.package_identification:_identify(/home/emb4/whill_support) by extensions ['colcon_meta']
[1.417s] Level 1:colcon.colcon_core.package_identification:_identify(/home/emb4/whill_support) by extension 'colcon_meta'
[1.417s] Level 1:colcon.colcon_core.package_identification:_identify(/home/emb4/whill_support) by extensions ['ros']
[1.417s] Level 1:colcon.colcon_core.package_identification:_identify(/home/emb4/whill_support) by extension 'ros'
[1.426s] Level 1:colcon.colcon_core.package_identification:_identify(/home/emb4/whill_support) by extensions ['cmake', 'python']
[1.426s] Level 1:colcon.colcon_core.package_identification:_identify(/home/emb4/whill_support) by extension 'cmake'
[1.426s] Level 1:colcon.colcon_core.package_identification:_identify(/home/emb4/whill_support) by extension 'python'
[1.426s] Level 1:colcon.colcon_core.package_identification:_identify(/home/emb4/whill_support) by extensions ['python_setup_py']
[1.426s] Level 1:colcon.colcon_core.package_identification:_identify(/home/emb4/whill_support) by extension 'python_setup_py'
[1.426s] Level 1:colcon.colcon_core.package_identification:_identify(/home/emb4/whill_support/log) by extensions ['ignore', 'ignore_ament_install']
[1.426s] Level 1:colcon.colcon_core.package_identification:_identify(/home/emb4/whill_support/log) by extension 'ignore'
[1.426s] Level 1:colcon.colcon_core.package_identification:_identify(/home/emb4/whill_support/log) ignored
[1.427s] Level 1:colcon.colcon_core.package_identification:_identify(/home/emb4/whill_support/src) by extensions ['ignore', 'ignore_ament_install']
[1.427s] Level 1:colcon.colcon_core.package_identification:_identify(/home/emb4/whill_support/src) by extension 'ignore'
[1.427s] Level 1:colcon.colcon_core.package_identification:_identify(/home/emb4/whill_support/src) by extension 'ignore_ament_install'
[1.427s] Level 1:colcon.colcon_core.package_identification:_identify(/home/emb4/whill_support/src) by extensions ['colcon_pkg']
[1.427s] Level 1:colcon.colcon_core.package_identification:_identify(/home/emb4/whill_support/src) by extension 'colcon_pkg'
[1.427s] Level 1:colcon.colcon_core.package_identification:_identify(/home/emb4/whill_support/src) by extensions ['colcon_meta']
[1.427s] Level 1:colcon.colcon_core.package_identification:_identify(/home/emb4/whill_support/src) by extension 'colcon_meta'
[1.427s] Level 1:colcon.colcon_core.package_identification:_identify(/home/emb4/whill_support/src) by extensions ['ros']
[1.427s] Level 1:colcon.colcon_core.package_identification:_identify(/home/emb4/whill_support/src) by extension 'ros'
[1.427s] Level 1:colcon.colcon_core.package_identification:_identify(/home/emb4/whill_support/src) by extensions ['cmake', 'python']
[1.427s] Level 1:colcon.colcon_core.package_identification:_identify(/home/emb4/whill_support/src) by extension 'cmake'
[1.427s] Level 1:colcon.colcon_core.package_identification:_identify(/home/emb4/whill_support/src) by extension 'python'
[1.427s] Level 1:colcon.colcon_core.package_identification:_identify(/home/emb4/whill_support/src) by extensions ['python_setup_py']
[1.427s] Level 1:colcon.colcon_core.package_identification:_identify(/home/emb4/whill_support/src) by extension 'python_setup_py'
[1.427s] Level 1:colcon.colcon_core.package_identification:_identify(/home/emb4/whill_support/src/images) by extensions ['ignore', 'ignore_ament_install']
[1.427s] Level 1:colcon.colcon_core.package_identification:_identify(/home/emb4/whill_support/src/images) by extension 'ignore'
[1.427s] Level 1:colcon.colcon_core.package_identification:_identify(/home/emb4/whill_support/src/images) by extension 'ignore_ament_install'
[1.427s] Level 1:colcon.colcon_core.package_identification:_identify(/home/emb4/whill_support/src/images) by extensions ['colcon_pkg']
[1.427s] Level 1:colcon.colcon_core.package_identification:_identify(/home/emb4/whill_support/src/images) by extension 'colcon_pkg'
[1.427s] Level 1:colcon.colcon_core.package_identification:_identify(/home/emb4/whill_support/src/images) by extensions ['colcon_meta']
[1.427s] Level 1:colcon.colcon_core.package_identification:_identify(/home/emb4/whill_support/src/images) by extension 'colcon_meta'
[1.427s] Level 1:colcon.colcon_core.package_identification:_identify(/home/emb4/whill_support/src/images) by extensions ['ros']
[1.427s] Level 1:colcon.colcon_core.package_identification:_identify(/home/emb4/whill_support/src/images) by extension 'ros'
[1.427s] Level 1:colcon.colcon_core.package_identification:_identify(/home/emb4/whill_support/src/images) by extensions ['cmake', 'python']
[1.427s] Level 1:colcon.colcon_core.package_identification:_identify(/home/emb4/whill_support/src/images) by extension 'cmake'
[1.427s] Level 1:colcon.colcon_core.package_identification:_identify(/home/emb4/whill_support/src/images) by extension 'python'
[1.427s] Level 1:colcon.colcon_core.package_identification:_identify(/home/emb4/whill_support/src/images) by extensions ['python_setup_py']
[1.427s] Level 1:colcon.colcon_core.package_identification:_identify(/home/emb4/whill_support/src/images) by extension 'python_setup_py'
[1.427s] Level 1:colcon.colcon_core.package_identification:_identify(/home/emb4/whill_support/src/livox_interfaces) by extensions ['ignore', 'ignore_ament_install']
[1.427s] Level 1:colcon.colcon_core.package_identification:_identify(/home/emb4/whill_support/src/livox_interfaces) by extension 'ignore'
[1.427s] Level 1:colcon.colcon_core.package_identification:_identify(/home/emb4/whill_support/src/livox_interfaces) by extension 'ignore_ament_install'
[1.427s] Level 1:colcon.colcon_core.package_identification:_identify(/home/emb4/whill_support/src/livox_interfaces) by extensions ['colcon_pkg']
[1.427s] Level 1:colcon.colcon_core.package_identification:_identify(/home/emb4/whill_support/src/livox_interfaces) by extension 'colcon_pkg'
[1.427s] Level 1:colcon.colcon_core.package_identification:_identify(/home/emb4/whill_support/src/livox_interfaces) by extensions ['colcon_meta']
[1.427s] Level 1:colcon.colcon_core.package_identification:_identify(/home/emb4/whill_support/src/livox_interfaces) by extension 'colcon_meta'
[1.427s] Level 1:colcon.colcon_core.package_identification:_identify(/home/emb4/whill_support/src/livox_interfaces) by extensions ['ros']
[1.427s] Level 1:colcon.colcon_core.package_identification:_identify(/home/emb4/whill_support/src/livox_interfaces) by extension 'ros'
[1.429s] DEBUG:colcon.colcon_core.package_identification:Package '/home/emb4/whill_support/src/livox_interfaces' with type 'ros.ament_cmake' and name 'livox_interfaces'
[1.429s] Level 1:colcon.colcon_core.package_identification:_identify(/home/emb4/whill_support/src/livox_ros2_driver) by extensions ['ignore', 'ignore_ament_install']
[1.429s] Level 1:colcon.colcon_core.package_identification:_identify(/home/emb4/whill_support/src/livox_ros2_driver) by extension 'ignore'
[1.429s] Level 1:colcon.colcon_core.package_identification:_identify(/home/emb4/whill_support/src/livox_ros2_driver) by extension 'ignore_ament_install'
[1.429s] Level 1:colcon.colcon_core.package_identification:_identify(/home/emb4/whill_support/src/livox_ros2_driver) by extensions ['colcon_pkg']
[1.429s] Level 1:colcon.colcon_core.package_identification:_identify(/home/emb4/whill_support/src/livox_ros2_driver) by extension 'colcon_pkg'
[1.429s] Level 1:colcon.colcon_core.package_identification:_identify(/home/emb4/whill_support/src/livox_ros2_driver) by extensions ['colcon_meta']
[1.429s] Level 1:colcon.colcon_core.package_identification:_identify(/home/emb4/whill_support/src/livox_ros2_driver) by extension 'colcon_meta'
[1.429s] Level 1:colcon.colcon_core.package_identification:_identify(/home/emb4/whill_support/src/livox_ros2_driver) by extensions ['ros']
[1.429s] Level 1:colcon.colcon_core.package_identification:_identify(/home/emb4/whill_support/src/livox_ros2_driver) by extension 'ros'
[1.430s] DEBUG:colcon.colcon_core.package_identification:Package '/home/emb4/whill_support/src/livox_ros2_driver' with type 'ros.ament_cmake' and name 'livox_ros2_driver'
[1.430s] Level 1:colcon.colcon_core.package_identification:_identify(/home/emb4/whill_support/src/livox_sdk_vendor) by extensions ['ignore', 'ignore_ament_install']
[1.430s] Level 1:colcon.colcon_core.package_identification:_identify(/home/emb4/whill_support/src/livox_sdk_vendor) by extension 'ignore'
[1.430s] Level 1:colcon.colcon_core.package_identification:_identify(/home/emb4/whill_support/src/livox_sdk_vendor) by extension 'ignore_ament_install'
[1.430s] Level 1:colcon.colcon_core.package_identification:_identify(/home/emb4/whill_support/src/livox_sdk_vendor) by extensions ['colcon_pkg']
[1.430s] Level 1:colcon.colcon_core.package_identification:_identify(/home/emb4/whill_support/src/livox_sdk_vendor) by extension 'colcon_pkg'
[1.430s] Level 1:colcon.colcon_core.package_identification:_identify(/home/emb4/whill_support/src/livox_sdk_vendor) by extensions ['colcon_meta']
[1.430s] Level 1:colcon.colcon_core.package_identification:_identify(/home/emb4/whill_support/src/livox_sdk_vendor) by extension 'colcon_meta'
[1.430s] Level 1:colcon.colcon_core.package_identification:_identify(/home/emb4/whill_support/src/livox_sdk_vendor) by extensions ['ros']
[1.430s] Level 1:colcon.colcon_core.package_identification:_identify(/home/emb4/whill_support/src/livox_sdk_vendor) by extension 'ros'
[1.431s] DEBUG:colcon.colcon_core.package_identification:Package '/home/emb4/whill_support/src/livox_sdk_vendor' with type 'ros.ament_cmake' and name 'livox_sdk_vendor'
[1.431s] Level 1:colcon.colcon_core.package_discovery:discover_packages(recursive) using defaults
